[2021-01-13 16:48:00] local.ERROR: SQLSTATE[HY000] [2002] No such file or directory (SQL: select * from `contents_category` where `parent_id` = 0) {"exception":"[object] (Illuminate\\Database\\QueryException(code: 2002): SQLSTATE[HY000] [2002] No such file or directory (SQL: select * from `contents_category` where `parent_id` = 0) at /var/www/public/proacademy/vendor/laravel/framework/src/Illuminate/Database/Connection.php:671)
[stacktrace]
#0 /var/www/public/proacademy/vendor/laravel/framework/src/Illuminate/Database/Connection.php(631): Illuminate\\Database\\Connection->runQueryCallback('select * from `...', Array, Object(Closure))
#1 /var/www/public/proacademy/vendor/laravel/framework/src/Illuminate/Database/Connection.php(339): Illuminate\\Database\\Connection->run('select * from `...', Array, Object(Closure))
#2 /var/www/public/proacademy/vendor/laravel/framework/src/Illuminate/Database/Query/Builder.php(2260): Illuminate\\Database\\Connection->select('select * from `...', Array, true)
#3 /var/www/public/proacademy/vendor/laravel/framework/src/Illuminate/Database/Query/Builder.php(2248): Illuminate\\Database\\Query\\Builder->runSelect()
#4 /var/www/public/proacademy/vendor/laravel/framework/src/Illuminate/Database/Query/Builder.php(2743): Illuminate\\Database\\Query\\Builder->Illuminate\\Database\\Query\\{closure}()
#5 /var/www/public/proacademy/vendor/laravel/framework/src/Illuminate/Database/Query/Builder.php(2249): Illuminate\\Database\\Query\\Builder->onceWithColumns(Array, Object(Closure))
#6 /var/www/public/proacademy/vendor/laravel/framework/src/Illuminate/Database/Eloquent/Builder.php(548): Illuminate\\Database\\Query\\Builder->get(Array)
#7 /var/www/public/proacademy/vendor/laravel/framework/src/Illuminate/Database/Eloquent/Builder.php(532): Illuminate\\Database\\Eloquent\\Builder->getModels(Array)
#8 /var/www/public/proacademy/app/Providers/AppServiceProvider.php(22): Illuminate\\Database\\Eloquent\\Builder->get()
#9 /var/www/public/proacademy/vendor/laravel/framework/src/Illuminate/Container/BoundMethod.php(36): App\\Providers\\AppServiceProvider->boot()
#10 /var/www/public/proacademy/vendor/laravel/framework/src/Illuminate/Container/Util.php(37): Illuminate\\Container\\BoundMethod::Illuminate\\Container\\{closure}()
#11 /var/www/public/proacademy/vendor/laravel/framework/src/Illuminate/Container/BoundMethod.php(93): Illuminate\\Container\\Util::unwrapIfClosure(Object(Closure))
#12 /var/www/public/proacademy/vendor/laravel/framework/src/Illuminate/Container/BoundMethod.php(37): Illuminate\\Container\\BoundMethod::callBoundMethod(Object(Illuminate\\Foundation\\Application), Array, Object(Closure))
#13 /var/www/public/proacademy/vendor/laravel/framework/src/Illuminate/Container/Container.php(596): Illuminate\\Container\\BoundMethod::call(Object(Illuminate\\Foundation\\Application), Array, Array, NULL)
#14 /var/www/public/proacademy/vendor/laravel/framework/src/Illuminate/Foundation/Application.php(867): Illuminate\\Container\\Container->call(Array)
#15 /var/www/public/proacademy/vendor/laravel/framework/src/Illuminate/Foundation/Application.php(850): Illuminate\\Foundation\\Application->bootProvider(Object(App\\Providers\\AppServiceProvider))
#16 [internal function]: Illuminate\\Foundation\\Application->Illuminate\\Foundation\\{closure}(Object(App\\Providers\\AppServiceProvider), 26)
#17 /var/www/public/proacademy/vendor/laravel/framework/src/Illuminate/Foundation/Application.php(851): array_walk(Array, Object(Closure))
#18 /var/www/public/proacademy/vendor/laravel/framework/src/Illuminate/Foundation/Bootstrap/BootProviders.php(17): Illuminate\\Foundation\\Application->boot()
#19 /var/www/public/proacademy/vendor/laravel/framework/src/Illuminate/Foundation/Application.php(230): Illuminate\\Foundation\\Bootstrap\\BootProviders->bootstrap(Object(Illuminate\\Foundation\\Application))
#20 /var/www/public/proacademy/vendor/laravel/framework/src/Illuminate/Foundation/Http/Kernel.php(151): Illuminate\\Foundation\\Application->bootstrapWith(Array)
#21 /var/www/public/proacademy/vendor/laravel/framework/src/Illuminate/Foundation/Http/Kernel.php(135): Illuminate\\Foundation\\Http\\Kernel->bootstrap()
#22 /var/www/public/proacademy/vendor/laravel/framework/src/Illuminate/Foundation/Http/Kernel.php(109): Illuminate\\Foundation\\Http\\Kernel->sendRequestThroughRouter(Object(Illuminate\\Http\\Request))
#23 /var/www/public/proacademy/public/index.php(55): Illuminate\\Foundation\\Http\\Kernel->handle(Object(Illuminate\\Http\\Request))
#24 {main}

[previous exception] [object] (PDOException(code: 2002): SQLSTATE[HY000] [2002] No such file or directory at /var/www/public/proacademy/vendor/laravel/framework/src/Illuminate/Database/Connectors/Connector.php:70)
[stacktrace]
#0 /var/www/public/proacademy/vendor/laravel/framework/src/Illuminate/Database/Connectors/Connector.php(70): PDO->__construct('mysql:host=loca...', 'root', '', Array)
#1 /var/www/public/proacademy/vendor/laravel/framework/src/Illuminate/Database/Connectors/Connector.php(46): Illuminate\\Database\\Connectors\\Connector->createPdoConnection('mysql:host=loca...', 'root', '', Array)
#2 /var/www/public/proacademy/vendor/laravel/framework/src/Illuminate/Database/Connectors/MySqlConnector.php(24): Illuminate\\Database\\Connectors\\Connector->createConnection('mysql:host=loca...', Array, Array)
#3 /var/www/public/proacademy/vendor/laravel/framework/src/Illuminate/Database/Connectors/ConnectionFactory.php(184): Illuminate\\Database\\Connectors\\MySqlConnector->connect(Array)
#4 [internal function]: Illuminate\\Database\\Connectors\\ConnectionFactory->Illuminate\\Database\\Connectors\\{closure}()
#5 /var/www/public/proacademy/vendor/laravel/framework/src/Illuminate/Database/Connection.php(926): call_user_func(Object(Closure))
#6 /var/www/public/proacademy/vendor/laravel/framework/src/Illuminate/Database/Connection.php(961): Illuminate\\Database\\Connection->getPdo()
#7 /var/www/public/proacademy/vendor/laravel/framework/src/Illuminate/Database/Connection.php(405): Illuminate\\Database\\Connection->getReadPdo()
#8 /var/www/public/proacademy/vendor/laravel/framework/src/Illuminate/Database/Connection.php(331): Illuminate\\Database\\Connection->getPdoForSelect(true)
#9 /var/www/public/proacademy/vendor/laravel/framework/src/Illuminate/Database/Connection.php(664): Illuminate\\Database\\Connection->Illuminate\\Database\\{closure}('select * from `...', Array)
#10 /var/www/public/proacademy/vendor/laravel/framework/src/Illuminate/Database/Connection.php(631): Illuminate\\Database\\Connection->runQueryCallback('select * from `...', Array, Object(Closure))
#11 /var/www/public/proacademy/vendor/laravel/framework/src/Illuminate/Database/Connection.php(339): Illuminate\\Database\\Connection->run('select * from `...', Array, Object(Closure))
#12 /var/www/public/proacademy/vendor/laravel/framework/src/Illuminate/Database/Query/Builder.php(2260): Illuminate\\Database\\Connection->select('select * from `...', Array, true)
#13 /var/www/public/proacademy/vendor/laravel/framework/src/Illuminate/Database/Query/Builder.php(2248): Illuminate\\Database\\Query\\Builder->runSelect()
#14 /var/www/public/proacademy/vendor/laravel/framework/src/Illuminate/Database/Query/Builder.php(2743): Illuminate\\Database\\Query\\Builder->Illuminate\\Database\\Query\\{closure}()
#15 /var/www/public/proacademy/vendor/laravel/framework/src/Illuminate/Database/Query/Builder.php(2249): Illuminate\\Database\\Query\\Builder->onceWithColumns(Array, Object(Closure))
#16 /var/www/public/proacademy/vendor/laravel/framework/src/Illuminate/Database/Eloquent/Builder.php(548): Illuminate\\Database\\Query\\Builder->get(Array)
#17 /var/www/public/proacademy/vendor/laravel/framework/src/Illuminate/Database/Eloquent/Builder.php(532): Illuminate\\Database\\Eloquent\\Builder->getModels(Array)
#18 /var/www/public/proacademy/app/Providers/AppServiceProvider.php(22): Illuminate\\Database\\Eloquent\\Builder->get()
#19 /var/www/public/proacademy/vendor/laravel/framework/src/Illuminate/Container/BoundMethod.php(36): App\\Providers\\AppServiceProvider->boot()
#20 /var/www/public/proacademy/vendor/laravel/framework/src/Illuminate/Container/Util.php(37): Illuminate\\Container\\BoundMethod::Illuminate\\Container\\{closure}()
#21 /var/www/public/proacademy/vendor/laravel/framework/src/Illuminate/Container/BoundMethod.php(93): Illuminate\\Container\\Util::unwrapIfClosure(Object(Closure))
#22 /var/www/public/proacademy/vendor/laravel/framework/src/Illuminate/Container/BoundMethod.php(37): Illuminate\\Container\\BoundMethod::callBoundMethod(Object(Illuminate\\Foundation\\Application), Array, Object(Closure))
#23 /var/www/public/proacademy/vendor/laravel/framework/src/Illuminate/Container/Container.php(596): Illuminate\\Container\\BoundMethod::call(Object(Illuminate\\Foundation\\Application), Array, Array, NULL)
#24 /var/www/public/proacademy/vendor/laravel/framework/src/Illuminate/Foundation/Application.php(867): Illuminate\\Container\\Container->call(Array)
#25 /var/www/public/proacademy/vendor/laravel/framework/src/Illuminate/Foundation/Application.php(850): Illuminate\\Foundation\\Application->bootProvider(Object(App\\Providers\\AppServiceProvider))
#26 [internal function]: Illuminate\\Foundation\\Application->Illuminate\\Foundation\\{closure}(Object(App\\Providers\\AppServiceProvider), 26)
#27 /var/www/public/proacademy/vendor/laravel/framework/src/Illuminate/Foundation/Application.php(851): array_walk(Array, Object(Closure))
#28 /var/www/public/proacademy/vendor/laravel/framework/src/Illuminate/Foundation/Bootstrap/BootProviders.php(17): Illuminate\\Foundation\\Application->boot()
#29 /var/www/public/proacademy/vendor/laravel/framework/src/Illuminate/Foundation/Application.php(230): Illuminate\\Foundation\\Bootstrap\\BootProviders->bootstrap(Object(Illuminate\\Foundation\\Application))
#30 /var/www/public/proacademy/vendor/laravel/framework/src/Illuminate/Foundation/Http/Kernel.php(151): Illuminate\\Foundation\\Application->bootstrapWith(Array)
#31 /var/www/public/proacademy/vendor/laravel/framework/src/Illuminate/Foundation/Http/Kernel.php(135): Illuminate\\Foundation\\Http\\Kernel->bootstrap()
#32 /var/www/public/proacademy/vendor/laravel/framework/src/Illuminate/Foundation/Http/Kernel.php(109): Illuminate\\Foundation\\Http\\Kernel->sendRequestThroughRouter(Object(Illuminate\\Http\\Request))
#33 /var/www/public/proacademy/public/index.php(55): Illuminate\\Foundation\\Http\\Kernel->handle(Object(Illuminate\\Http\\Request))
#34 {main}
"} 
[2021-01-16 13:58:42] local.ERROR: require(/var/www/public/proacademy/routes/api.php): failed to open stream: No such file or directory {"exception":"[object] (ErrorException(code: 0): require(/var/www/public/proacademy/routes/api.php): failed to open stream: No such file or directory at /var/www/public/proacademy/vendor/laravel/framework/src/Illuminate/Routing/RouteFileRegistrar.php:35)
[stacktrace]
#0 /var/www/public/proacademy/vendor/laravel/framework/src/Illuminate/Routing/RouteFileRegistrar.php(35): Illuminate\\Foundation\\Bootstrap\\HandleExceptions->handleError()
#1 /var/www/public/proacademy/vendor/laravel/framework/src/Illuminate/Routing/RouteFileRegistrar.php(35): require()
#2 /var/www/public/proacademy/vendor/laravel/framework/src/Illuminate/Routing/Router.php(417): Illuminate\\Routing\\RouteFileRegistrar->register()
#3 /var/www/public/proacademy/vendor/laravel/framework/src/Illuminate/Routing/Router.php(374): Illuminate\\Routing\\Router->loadRoutes()
#4 /var/www/public/proacademy/vendor/laravel/framework/src/Illuminate/Routing/RouteRegistrar.php(135): Illuminate\\Routing\\Router->group()
#5 /var/www/public/proacademy/app/Providers/RouteServiceProvider.php(94): Illuminate\\Routing\\RouteRegistrar->group()
#6 /var/www/public/proacademy/app/Providers/RouteServiceProvider.php(45): App\\Providers\\RouteServiceProvider->mapApiRoutes()
#7 /var/www/public/proacademy/vendor/laravel/framework/src/Illuminate/Container/BoundMethod.php(36): App\\Providers\\RouteServiceProvider->map()
#8 /var/www/public/proacademy/vendor/laravel/framework/src/Illuminate/Container/Util.php(37): Illuminate\\Container\\BoundMethod::Illuminate\\Container\\{closure}()
#9 /var/www/public/proacademy/vendor/laravel/framework/src/Illuminate/Container/BoundMethod.php(93): Illuminate\\Container\\Util::unwrapIfClosure()
#10 /var/www/public/proacademy/vendor/laravel/framework/src/Illuminate/Container/BoundMethod.php(37): Illuminate\\Container\\BoundMethod::callBoundMethod()
#11 /var/www/public/proacademy/vendor/laravel/framework/src/Illuminate/Container/Container.php(596): Illuminate\\Container\\BoundMethod::call()
#12 /var/www/public/proacademy/vendor/laravel/framework/src/Illuminate/Foundation/Support/Providers/RouteServiceProvider.php(87): Illuminate\\Container\\Container->call()
#13 /var/www/public/proacademy/vendor/laravel/framework/src/Illuminate/Foundation/Support/Providers/RouteServiceProvider.php(36): Illuminate\\Foundation\\Support\\Providers\\RouteServiceProvider->loadRoutes()
#14 /var/www/public/proacademy/app/Providers/RouteServiceProvider.php(35): Illuminate\\Foundation\\Support\\Providers\\RouteServiceProvider->boot()
#15 /var/www/public/proacademy/vendor/laravel/framework/src/Illuminate/Container/BoundMethod.php(36): App\\Providers\\RouteServiceProvider->boot()
#16 /var/www/public/proacademy/vendor/laravel/framework/src/Illuminate/Container/Util.php(37): Illuminate\\Container\\BoundMethod::Illuminate\\Container\\{closure}()
#17 /var/www/public/proacademy/vendor/laravel/framework/src/Illuminate/Container/BoundMethod.php(93): Illuminate\\Container\\Util::unwrapIfClosure()
#18 /var/www/public/proacademy/vendor/laravel/framework/src/Illuminate/Container/BoundMethod.php(37): Illuminate\\Container\\BoundMethod::callBoundMethod()
#19 /var/www/public/proacademy/vendor/laravel/framework/src/Illuminate/Container/Container.php(596): Illuminate\\Container\\BoundMethod::call()
#20 /var/www/public/proacademy/vendor/laravel/framework/src/Illuminate/Foundation/Application.php(867): Illuminate\\Container\\Container->call()
#21 /var/www/public/proacademy/vendor/laravel/framework/src/Illuminate/Foundation/Application.php(850): Illuminate\\Foundation\\Application->bootProvider()
#22 [internal function]: Illuminate\\Foundation\\Application->Illuminate\\Foundation\\{closure}()
#23 /var/www/public/proacademy/vendor/laravel/framework/src/Illuminate/Foundation/Application.php(851): array_walk()
#24 /var/www/public/proacademy/vendor/laravel/framework/src/Illuminate/Foundation/Bootstrap/BootProviders.php(17): Illuminate\\Foundation\\Application->boot()
#25 /var/www/public/proacademy/vendor/laravel/framework/src/Illuminate/Foundation/Application.php(230): Illuminate\\Foundation\\Bootstrap\\BootProviders->bootstrap()
#26 /var/www/public/proacademy/vendor/laravel/framework/src/Illuminate/Foundation/Console/Kernel.php(310): Illuminate\\Foundation\\Application->bootstrapWith()
#27 /var/www/public/proacademy/vendor/laravel/framework/src/Illuminate/Foundation/Console/Kernel.php(127): Illuminate\\Foundation\\Console\\Kernel->bootstrap()
#28 Command line code(1): Illuminate\\Foundation\\Console\\Kernel->handle()
#29 {main}
"} 
